{"D:\\Projetos-Cassi\\OrionStellarSolutions\\aborogodo\\script.js": {"path":"D:\\Projetos-Cassi\\OrionStellarSolutions\\aborogodo\\script.js","statementMap":{"0":{"start":{"line":1,"column":18},"end":{"line":1,"column":25}},"1":{"start":{"line":2,"column":17},"end":{"line":2,"column":18}},"2":{"start":{"line":3,"column":23},"end":{"line":3,"column":28}},"3":{"start":{"line":4,"column":19},"end":{"line":4,"column":24}},"4":{"start":{"line":8,"column":21},"end":{"line":8,"column":57}},"5":{"start":{"line":9,"column":22},"end":{"line":9,"column":59}},"6":{"start":{"line":10,"column":21},"end":{"line":10,"column":57}},"7":{"start":{"line":11,"column":20},"end":{"line":11,"column":55}},"8":{"start":{"line":14,"column":23},"end":{"line":14,"column":61}},"9":{"start":{"line":15,"column":28},"end":{"line":15,"column":72}},"10":{"start":{"line":18,"column":19},"end":{"line":18,"column":68}},"11":{"start":{"line":19,"column":18},"end":{"line":19,"column":58}},"12":{"start":{"line":20,"column":20},"end":{"line":20,"column":62}},"13":{"start":{"line":23,"column":4},"end":{"line":23,"column":46}},"14":{"start":{"line":23,"column":16},"end":{"line":23,"column":46}},"15":{"start":{"line":24,"column":4},"end":{"line":24,"column":44}},"16":{"start":{"line":24,"column":15},"end":{"line":24,"column":44}},"17":{"start":{"line":25,"column":4},"end":{"line":28,"column":5}},"18":{"start":{"line":26,"column":8},"end":{"line":26,"column":39}},"19":{"start":{"line":27,"column":8},"end":{"line":27,"column":31}},"20":{"start":{"line":31,"column":18},"end":{"line":31,"column":59}},"21":{"start":{"line":32,"column":4},"end":{"line":37,"column":7}},"22":{"start":{"line":33,"column":20},"end":{"line":33,"column":62}},"23":{"start":{"line":34,"column":8},"end":{"line":36,"column":9}},"24":{"start":{"line":35,"column":12},"end":{"line":35,"column":194}},"25":{"start":{"line":40,"column":22},"end":{"line":40,"column":69}},"26":{"start":{"line":41,"column":4},"end":{"line":43,"column":5}},"27":{"start":{"line":42,"column":8},"end":{"line":42,"column":173}},"28":{"start":{"line":46,"column":4},"end":{"line":46,"column":34}},"29":{"start":{"line":49,"column":4},"end":{"line":90,"column":5}},"30":{"start":{"line":50,"column":8},"end":{"line":50,"column":51}},"31":{"start":{"line":50,"column":20},"end":{"line":50,"column":51}},"32":{"start":{"line":51,"column":8},"end":{"line":51,"column":182}},"33":{"start":{"line":51,"column":22},"end":{"line":51,"column":182}},"34":{"start":{"line":53,"column":8},"end":{"line":53,"column":183}},"35":{"start":{"line":53,"column":21},"end":{"line":53,"column":183}},"36":{"start":{"line":54,"column":8},"end":{"line":54,"column":159}},"37":{"start":{"line":54,"column":23},"end":{"line":54,"column":159}},"38":{"start":{"line":56,"column":8},"end":{"line":56,"column":84}},"39":{"start":{"line":56,"column":24},"end":{"line":56,"column":84}},"40":{"start":{"line":57,"column":8},"end":{"line":57,"column":71}},"41":{"start":{"line":57,"column":29},"end":{"line":57,"column":71}},"42":{"start":{"line":59,"column":11},"end":{"line":90,"column":5}},"43":{"start":{"line":60,"column":8},"end":{"line":63,"column":9}},"44":{"start":{"line":61,"column":12},"end":{"line":61,"column":44}},"45":{"start":{"line":62,"column":12},"end":{"line":62,"column":30}},"46":{"start":{"line":64,"column":8},"end":{"line":64,"column":178}},"47":{"start":{"line":64,"column":22},"end":{"line":64,"column":178}},"48":{"start":{"line":66,"column":8},"end":{"line":66,"column":178}},"49":{"start":{"line":66,"column":21},"end":{"line":66,"column":178}},"50":{"start":{"line":67,"column":8},"end":{"line":67,"column":172}},"51":{"start":{"line":67,"column":23},"end":{"line":67,"column":172}},"52":{"start":{"line":69,"column":8},"end":{"line":69,"column":85}},"53":{"start":{"line":69,"column":24},"end":{"line":69,"column":85}},"54":{"start":{"line":70,"column":8},"end":{"line":70,"column":71}},"55":{"start":{"line":70,"column":29},"end":{"line":70,"column":71}},"56":{"start":{"line":72,"column":11},"end":{"line":90,"column":5}},"57":{"start":{"line":73,"column":8},"end":{"line":73,"column":177}},"58":{"start":{"line":73,"column":22},"end":{"line":73,"column":177}},"59":{"start":{"line":75,"column":8},"end":{"line":75,"column":177}},"60":{"start":{"line":75,"column":21},"end":{"line":75,"column":177}},"61":{"start":{"line":76,"column":8},"end":{"line":76,"column":166}},"62":{"start":{"line":76,"column":23},"end":{"line":76,"column":166}},"63":{"start":{"line":78,"column":8},"end":{"line":78,"column":82}},"64":{"start":{"line":78,"column":24},"end":{"line":78,"column":82}},"65":{"start":{"line":79,"column":8},"end":{"line":79,"column":77}},"66":{"start":{"line":79,"column":29},"end":{"line":79,"column":77}},"67":{"start":{"line":81,"column":11},"end":{"line":90,"column":5}},"68":{"start":{"line":82,"column":8},"end":{"line":82,"column":49}},"69":{"start":{"line":82,"column":19},"end":{"line":82,"column":49}},"70":{"start":{"line":83,"column":8},"end":{"line":83,"column":182}},"71":{"start":{"line":83,"column":22},"end":{"line":83,"column":182}},"72":{"start":{"line":85,"column":8},"end":{"line":85,"column":180}},"73":{"start":{"line":85,"column":21},"end":{"line":85,"column":180}},"74":{"start":{"line":86,"column":8},"end":{"line":86,"column":159}},"75":{"start":{"line":86,"column":23},"end":{"line":86,"column":159}},"76":{"start":{"line":88,"column":8},"end":{"line":88,"column":86}},"77":{"start":{"line":88,"column":24},"end":{"line":88,"column":86}},"78":{"start":{"line":89,"column":8},"end":{"line":89,"column":75}},"79":{"start":{"line":89,"column":29},"end":{"line":89,"column":75}},"80":{"start":{"line":93,"column":4},"end":{"line":95,"column":5}},"81":{"start":{"line":94,"column":8},"end":{"line":94,"column":33}},"82":{"start":{"line":100,"column":26},"end":{"line":100,"column":78}},"83":{"start":{"line":101,"column":4},"end":{"line":112,"column":7}},"84":{"start":{"line":102,"column":20},"end":{"line":102,"column":58}},"85":{"start":{"line":103,"column":8},"end":{"line":111,"column":9}},"86":{"start":{"line":104,"column":12},"end":{"line":110,"column":13}},"87":{"start":{"line":105,"column":16},"end":{"line":105,"column":85}},"88":{"start":{"line":106,"column":16},"end":{"line":106,"column":62}},"89":{"start":{"line":108,"column":16},"end":{"line":108,"column":82}},"90":{"start":{"line":109,"column":16},"end":{"line":109,"column":65}},"91":{"start":{"line":117,"column":22},"end":{"line":117,"column":64}},"92":{"start":{"line":118,"column":4},"end":{"line":118,"column":27}},"93":{"start":{"line":118,"column":20},"end":{"line":118,"column":27}},"94":{"start":{"line":119,"column":4},"end":{"line":129,"column":5}},"95":{"start":{"line":119,"column":17},"end":{"line":119,"column":18}},"96":{"start":{"line":120,"column":23},"end":{"line":120,"column":52}},"97":{"start":{"line":121,"column":8},"end":{"line":121,"column":36}},"98":{"start":{"line":122,"column":21},"end":{"line":122,"column":43}},"99":{"start":{"line":123,"column":8},"end":{"line":123,"column":41}},"100":{"start":{"line":124,"column":8},"end":{"line":124,"column":42}},"101":{"start":{"line":125,"column":8},"end":{"line":125,"column":55}},"102":{"start":{"line":126,"column":8},"end":{"line":126,"column":62}},"103":{"start":{"line":127,"column":8},"end":{"line":127,"column":69}},"104":{"start":{"line":128,"column":8},"end":{"line":128,"column":38}},"105":{"start":{"line":133,"column":13},"end":{"line":133,"column":14}},"106":{"start":{"line":133,"column":25},"end":{"line":133,"column":26}},"107":{"start":{"line":134,"column":12},"end":{"line":134,"column":13}},"108":{"start":{"line":134,"column":23},"end":{"line":134,"column":24}},"109":{"start":{"line":135,"column":14},"end":{"line":135,"column":18}},"110":{"start":{"line":137,"column":0},"end":{"line":140,"column":3}},"111":{"start":{"line":138,"column":4},"end":{"line":138,"column":23}},"112":{"start":{"line":139,"column":4},"end":{"line":139,"column":23}},"113":{"start":{"line":143,"column":16},"end":{"line":143,"column":30}},"114":{"start":{"line":144,"column":16},"end":{"line":144,"column":30}},"115":{"start":{"line":146,"column":4},"end":{"line":146,"column":27}},"116":{"start":{"line":147,"column":4},"end":{"line":147,"column":27}},"117":{"start":{"line":149,"column":19},"end":{"line":149,"column":59}},"118":{"start":{"line":150,"column":4},"end":{"line":153,"column":5}},"119":{"start":{"line":151,"column":8},"end":{"line":151,"column":41}},"120":{"start":{"line":152,"column":8},"end":{"line":152,"column":40}},"121":{"start":{"line":154,"column":4},"end":{"line":156,"column":5}},"122":{"start":{"line":155,"column":8},"end":{"line":155,"column":45}},"123":{"start":{"line":160,"column":0},"end":{"line":165,"column":1}},"124":{"start":{"line":161,"column":21},"end":{"line":161,"column":61}},"125":{"start":{"line":162,"column":4},"end":{"line":164,"column":5}},"126":{"start":{"line":163,"column":8},"end":{"line":163,"column":24}},"127":{"start":{"line":169,"column":19},"end":{"line":169,"column":59}},"128":{"start":{"line":170,"column":31},"end":{"line":170,"column":79}},"129":{"start":{"line":171,"column":4},"end":{"line":188,"column":7}},"130":{"start":{"line":172,"column":8},"end":{"line":179,"column":11}},"131":{"start":{"line":173,"column":12},"end":{"line":178,"column":13}},"132":{"start":{"line":174,"column":16},"end":{"line":174,"column":44}},"133":{"start":{"line":175,"column":16},"end":{"line":175,"column":45}},"134":{"start":{"line":176,"column":16},"end":{"line":176,"column":57}},"135":{"start":{"line":177,"column":16},"end":{"line":177,"column":57}},"136":{"start":{"line":180,"column":8},"end":{"line":187,"column":11}},"137":{"start":{"line":181,"column":12},"end":{"line":186,"column":13}},"138":{"start":{"line":182,"column":16},"end":{"line":182,"column":44}},"139":{"start":{"line":183,"column":16},"end":{"line":183,"column":45}},"140":{"start":{"line":184,"column":16},"end":{"line":184,"column":57}},"141":{"start":{"line":185,"column":16},"end":{"line":185,"column":55}},"142":{"start":{"line":191,"column":0},"end":{"line":193,"column":1}},"143":{"start":{"line":192,"column":4},"end":{"line":192,"column":29}},"144":{"start":{"line":196,"column":23},"end":{"line":196,"column":65}},"145":{"start":{"line":197,"column":0},"end":{"line":239,"column":1}},"146":{"start":{"line":198,"column":23},"end":{"line":198,"column":61}},"147":{"start":{"line":199,"column":25},"end":{"line":199,"column":65}},"148":{"start":{"line":200,"column":40},"end":{"line":200,"column":96}},"149":{"start":{"line":202,"column":4},"end":{"line":221,"column":7}},"150":{"start":{"line":203,"column":21},"end":{"line":203,"column":59}},"151":{"start":{"line":204,"column":18},"end":{"line":204,"column":58}},"152":{"start":{"line":205,"column":18},"end":{"line":205,"column":58}},"153":{"start":{"line":207,"column":8},"end":{"line":209,"column":9}},"154":{"start":{"line":208,"column":12},"end":{"line":208,"column":132}},"155":{"start":{"line":210,"column":8},"end":{"line":212,"column":9}},"156":{"start":{"line":211,"column":12},"end":{"line":211,"column":110}},"157":{"start":{"line":213,"column":8},"end":{"line":215,"column":9}},"158":{"start":{"line":214,"column":12},"end":{"line":214,"column":112}},"159":{"start":{"line":217,"column":27},"end":{"line":217,"column":72}},"160":{"start":{"line":218,"column":8},"end":{"line":220,"column":9}},"161":{"start":{"line":219,"column":12},"end":{"line":219,"column":91}},"162":{"start":{"line":223,"column":4},"end":{"line":238,"column":7}},"163":{"start":{"line":224,"column":8},"end":{"line":226,"column":9}},"164":{"start":{"line":225,"column":12},"end":{"line":225,"column":91}},"165":{"start":{"line":227,"column":8},"end":{"line":229,"column":9}},"166":{"start":{"line":228,"column":12},"end":{"line":228,"column":50}},"167":{"start":{"line":230,"column":8},"end":{"line":232,"column":9}},"168":{"start":{"line":231,"column":12},"end":{"line":231,"column":89}},"169":{"start":{"line":234,"column":27},"end":{"line":234,"column":72}},"170":{"start":{"line":235,"column":8},"end":{"line":237,"column":9}},"171":{"start":{"line":236,"column":12},"end":{"line":236,"column":48}},"172":{"start":{"line":243,"column":17},"end":{"line":243,"column":44}},"173":{"start":{"line":244,"column":17},"end":{"line":244,"column":54}},"174":{"start":{"line":246,"column":4},"end":{"line":246,"column":22}},"175":{"start":{"line":246,"column":15},"end":{"line":246,"column":22}},"176":{"start":{"line":248,"column":4},"end":{"line":260,"column":5}},"177":{"start":{"line":249,"column":8},"end":{"line":249,"column":40}},"178":{"start":{"line":250,"column":8},"end":{"line":253,"column":9}},"179":{"start":{"line":251,"column":12},"end":{"line":251,"column":44}},"180":{"start":{"line":252,"column":12},"end":{"line":252,"column":75}},"181":{"start":{"line":255,"column":8},"end":{"line":255,"column":37}},"182":{"start":{"line":256,"column":8},"end":{"line":259,"column":9}},"183":{"start":{"line":257,"column":12},"end":{"line":257,"column":47}},"184":{"start":{"line":258,"column":12},"end":{"line":258,"column":75}},"185":{"start":{"line":264,"column":24},"end":{"line":264,"column":67}},"186":{"start":{"line":265,"column":0},"end":{"line":273,"column":1}},"187":{"start":{"line":266,"column":4},"end":{"line":272,"column":7}},"188":{"start":{"line":267,"column":8},"end":{"line":267,"column":21}},"189":{"start":{"line":268,"column":8},"end":{"line":271,"column":9}},"190":{"start":{"line":269,"column":12},"end":{"line":269,"column":27}},"191":{"start":{"line":270,"column":12},"end":{"line":270,"column":29}},"192":{"start":{"line":276,"column":0},"end":{"line":281,"column":3}},"193":{"start":{"line":277,"column":4},"end":{"line":280,"column":5}},"194":{"start":{"line":278,"column":8},"end":{"line":278,"column":27}},"195":{"start":{"line":279,"column":8},"end":{"line":279,"column":25}},"196":{"start":{"line":284,"column":23},"end":{"line":284,"column":61}},"197":{"start":{"line":285,"column":4},"end":{"line":285,"column":28}},"198":{"start":{"line":285,"column":21},"end":{"line":285,"column":28}},"199":{"start":{"line":286,"column":4},"end":{"line":286,"column":42}},"200":{"start":{"line":288,"column":22},"end":{"line":288,"column":59}},"201":{"start":{"line":289,"column":27},"end":{"line":289,"column":69}},"202":{"start":{"line":291,"column":4},"end":{"line":297,"column":5}},"203":{"start":{"line":292,"column":8},"end":{"line":292,"column":57}},"204":{"start":{"line":292,"column":23},"end":{"line":292,"column":57}},"205":{"start":{"line":293,"column":8},"end":{"line":293,"column":70}},"206":{"start":{"line":293,"column":28},"end":{"line":293,"column":70}},"207":{"start":{"line":295,"column":8},"end":{"line":295,"column":60}},"208":{"start":{"line":295,"column":23},"end":{"line":295,"column":60}},"209":{"start":{"line":296,"column":8},"end":{"line":296,"column":67}},"210":{"start":{"line":296,"column":28},"end":{"line":296,"column":67}},"211":{"start":{"line":301,"column":23},"end":{"line":301,"column":61}},"212":{"start":{"line":302,"column":4},"end":{"line":302,"column":55}},"213":{"start":{"line":302,"column":20},"end":{"line":302,"column":55}},"214":{"start":{"line":306,"column":26},"end":{"line":306,"column":67}},"215":{"start":{"line":307,"column":21},"end":{"line":307,"column":62}},"216":{"start":{"line":309,"column":4},"end":{"line":309,"column":31}},"217":{"start":{"line":309,"column":24},"end":{"line":309,"column":31}},"218":{"start":{"line":311,"column":4},"end":{"line":323,"column":5}},"219":{"start":{"line":312,"column":8},"end":{"line":312,"column":32}},"220":{"start":{"line":313,"column":8},"end":{"line":313,"column":55}},"221":{"start":{"line":313,"column":22},"end":{"line":313,"column":55}},"222":{"start":{"line":315,"column":26},"end":{"line":315,"column":63}},"223":{"start":{"line":316,"column":31},"end":{"line":316,"column":73}},"224":{"start":{"line":318,"column":8},"end":{"line":318,"column":57}},"225":{"start":{"line":318,"column":23},"end":{"line":318,"column":57}},"226":{"start":{"line":319,"column":8},"end":{"line":319,"column":70}},"227":{"start":{"line":319,"column":28},"end":{"line":319,"column":70}},"228":{"start":{"line":320,"column":8},"end":{"line":320,"column":33}},"229":{"start":{"line":322,"column":8},"end":{"line":322,"column":58}},"230":{"start":{"line":322,"column":22},"end":{"line":322,"column":58}},"231":{"start":{"line":327,"column":29},"end":{"line":327,"column":73}},"232":{"start":{"line":328,"column":4},"end":{"line":331,"column":7}},"233":{"start":{"line":329,"column":8},"end":{"line":329,"column":51}},"234":{"start":{"line":330,"column":8},"end":{"line":330,"column":44}},"235":{"start":{"line":336,"column":29},"end":{"line":336,"column":73}},"236":{"start":{"line":337,"column":4},"end":{"line":340,"column":7}},"237":{"start":{"line":338,"column":8},"end":{"line":338,"column":46}},"238":{"start":{"line":339,"column":8},"end":{"line":339,"column":47}},"239":{"start":{"line":343,"column":29},"end":{"line":343,"column":72}},"240":{"start":{"line":344,"column":4},"end":{"line":351,"column":5}},"241":{"start":{"line":345,"column":31},"end":{"line":345,"column":60}},"242":{"start":{"line":346,"column":8},"end":{"line":346,"column":63}},"243":{"start":{"line":347,"column":29},"end":{"line":347,"column":72}},"244":{"start":{"line":348,"column":8},"end":{"line":350,"column":9}},"245":{"start":{"line":349,"column":12},"end":{"line":349,"column":62}},"246":{"start":{"line":353,"column":27},"end":{"line":353,"column":68}},"247":{"start":{"line":354,"column":4},"end":{"line":361,"column":5}},"248":{"start":{"line":355,"column":29},"end":{"line":355,"column":56}},"249":{"start":{"line":356,"column":8},"end":{"line":356,"column":59}},"250":{"start":{"line":357,"column":30},"end":{"line":357,"column":71}},"251":{"start":{"line":358,"column":8},"end":{"line":360,"column":9}},"252":{"start":{"line":359,"column":12},"end":{"line":359,"column":134}},"253":{"start":{"line":364,"column":26},"end":{"line":364,"column":82}},"254":{"start":{"line":367,"column":4},"end":{"line":372,"column":5}},"255":{"start":{"line":368,"column":8},"end":{"line":371,"column":11}},"256":{"start":{"line":369,"column":12},"end":{"line":369,"column":55}},"257":{"start":{"line":370,"column":12},"end":{"line":370,"column":48}},"258":{"start":{"line":375,"column":17},"end":{"line":375,"column":65}},"259":{"start":{"line":376,"column":17},"end":{"line":376,"column":44}},"260":{"start":{"line":377,"column":4},"end":{"line":377,"column":42}},"261":{"start":{"line":378,"column":4},"end":{"line":378,"column":33}},"262":{"start":{"line":379,"column":4},"end":{"line":379,"column":36}},"263":{"start":{"line":380,"column":4},"end":{"line":380,"column":17}},"264":{"start":{"line":381,"column":4},"end":{"line":381,"column":36}},"265":{"start":{"line":385,"column":23},"end":{"line":385,"column":67}},"266":{"start":{"line":387,"column":26},"end":{"line":387,"column":51}},"267":{"start":{"line":388,"column":4},"end":{"line":395,"column":7}},"268":{"start":{"line":389,"column":21},"end":{"line":389,"column":47}},"269":{"start":{"line":390,"column":8},"end":{"line":394,"column":9}},"270":{"start":{"line":391,"column":12},"end":{"line":391,"column":39}},"271":{"start":{"line":393,"column":12},"end":{"line":393,"column":42}},"272":{"start":{"line":398,"column":0},"end":{"line":401,"column":1}},"273":{"start":{"line":399,"column":4},"end":{"line":399,"column":51}},"274":{"start":{"line":400,"column":4},"end":{"line":400,"column":49}},"275":{"start":{"line":405,"column":18},"end":{"line":405,"column":58}},"276":{"start":{"line":406,"column":23},"end":{"line":406,"column":61}},"277":{"start":{"line":407,"column":22},"end":{"line":407,"column":66}},"278":{"start":{"line":409,"column":4},"end":{"line":409,"column":23}},"279":{"start":{"line":409,"column":16},"end":{"line":409,"column":23}},"280":{"start":{"line":410,"column":4},"end":{"line":410,"column":49}},"281":{"start":{"line":410,"column":20},"end":{"line":410,"column":49}},"282":{"start":{"line":411,"column":4},"end":{"line":411,"column":46}},"283":{"start":{"line":411,"column":19},"end":{"line":411,"column":46}},"284":{"start":{"line":413,"column":4},"end":{"line":413,"column":37}},"285":{"start":{"line":414,"column":4},"end":{"line":419,"column":11}},"286":{"start":{"line":415,"column":8},"end":{"line":418,"column":9}},"287":{"start":{"line":416,"column":12},"end":{"line":416,"column":65}},"288":{"start":{"line":417,"column":12},"end":{"line":417,"column":63}},"289":{"start":{"line":423,"column":18},"end":{"line":423,"column":58}},"290":{"start":{"line":424,"column":4},"end":{"line":424,"column":23}},"291":{"start":{"line":424,"column":16},"end":{"line":424,"column":23}},"292":{"start":{"line":425,"column":4},"end":{"line":428,"column":5}},"293":{"start":{"line":426,"column":8},"end":{"line":426,"column":62}},"294":{"start":{"line":427,"column":8},"end":{"line":427,"column":58}},"295":{"start":{"line":429,"column":4},"end":{"line":431,"column":12}},"296":{"start":{"line":430,"column":8},"end":{"line":430,"column":38}},"297":{"start":{"line":436,"column":4},"end":{"line":436,"column":27}},"298":{"start":{"line":437,"column":20},"end":{"line":437,"column":67}},"299":{"start":{"line":438,"column":4},"end":{"line":438,"column":52}},"300":{"start":{"line":438,"column":17},"end":{"line":438,"column":52}},"301":{"start":{"line":442,"column":20},"end":{"line":442,"column":67}},"302":{"start":{"line":443,"column":17},"end":{"line":443,"column":56}},"303":{"start":{"line":444,"column":4},"end":{"line":444,"column":27}},"304":{"start":{"line":444,"column":14},"end":{"line":444,"column":27}},"305":{"start":{"line":445,"column":4},"end":{"line":445,"column":49}},"306":{"start":{"line":445,"column":17},"end":{"line":445,"column":49}},"307":{"start":{"line":450,"column":17},"end":{"line":450,"column":63}},"308":{"start":{"line":451,"column":22},"end":{"line":451,"column":67}},"309":{"start":{"line":452,"column":4},"end":{"line":452,"column":22}},"310":{"start":{"line":452,"column":15},"end":{"line":452,"column":22}},"311":{"start":{"line":454,"column":4},"end":{"line":462,"column":5}},"312":{"start":{"line":455,"column":8},"end":{"line":455,"column":52}},"313":{"start":{"line":456,"column":8},"end":{"line":456,"column":60}},"314":{"start":{"line":456,"column":25},"end":{"line":456,"column":53}},"315":{"start":{"line":457,"column":8},"end":{"line":457,"column":72}},"316":{"start":{"line":457,"column":23},"end":{"line":457,"column":72}},"317":{"start":{"line":459,"column":8},"end":{"line":459,"column":40}},"318":{"start":{"line":460,"column":8},"end":{"line":460,"column":77}},"319":{"start":{"line":460,"column":25},"end":{"line":460,"column":71}},"320":{"start":{"line":461,"column":8},"end":{"line":461,"column":71}},"321":{"start":{"line":461,"column":23},"end":{"line":461,"column":71}},"322":{"start":{"line":463,"column":4},"end":{"line":463,"column":33}},"323":{"start":{"line":468,"column":29},"end":{"line":468,"column":72}},"324":{"start":{"line":469,"column":4},"end":{"line":469,"column":34}},"325":{"start":{"line":469,"column":27},"end":{"line":469,"column":34}},"326":{"start":{"line":471,"column":22},"end":{"line":471,"column":51}},"327":{"start":{"line":472,"column":4},"end":{"line":472,"column":29}},"328":{"start":{"line":472,"column":22},"end":{"line":472,"column":29}},"329":{"start":{"line":475,"column":4},"end":{"line":475,"column":75}},"330":{"start":{"line":476,"column":20},"end":{"line":476,"column":41}},"331":{"start":{"line":479,"column":21},"end":{"line":479,"column":88}},"332":{"start":{"line":481,"column":26},"end":{"line":481,"column":76}},"333":{"start":{"line":482,"column":4},"end":{"line":482,"column":31}},"334":{"start":{"line":482,"column":24},"end":{"line":482,"column":31}},"335":{"start":{"line":484,"column":4},"end":{"line":561,"column":11}},"336":{"start":{"line":486,"column":12},"end":{"line":486,"column":75}},"337":{"start":{"line":486,"column":30},"end":{"line":486,"column":75}},"338":{"start":{"line":487,"column":12},"end":{"line":487,"column":35}},"339":{"start":{"line":490,"column":12},"end":{"line":490,"column":74}},"340":{"start":{"line":490,"column":32},"end":{"line":490,"column":74}},"341":{"start":{"line":492,"column":27},"end":{"line":492,"column":42}},"342":{"start":{"line":493,"column":27},"end":{"line":493,"column":76}},"343":{"start":{"line":496,"column":32},"end":{"line":496,"column":67}},"344":{"start":{"line":497,"column":12},"end":{"line":497,"column":77}},"345":{"start":{"line":497,"column":29},"end":{"line":497,"column":77}},"346":{"start":{"line":499,"column":26},"end":{"line":499,"column":57}},"347":{"start":{"line":500,"column":12},"end":{"line":500,"column":88}},"348":{"start":{"line":500,"column":36},"end":{"line":500,"column":88}},"349":{"start":{"line":503,"column":12},"end":{"line":503,"column":41}},"350":{"start":{"line":506,"column":29},"end":{"line":506,"column":54}},"351":{"start":{"line":507,"column":12},"end":{"line":557,"column":13}},"352":{"start":{"line":507,"column":25},"end":{"line":507,"column":26}},"353":{"start":{"line":508,"column":29},"end":{"line":508,"column":37}},"354":{"start":{"line":510,"column":30},"end":{"line":510,"column":86}},"355":{"start":{"line":511,"column":29},"end":{"line":511,"column":83}},"356":{"start":{"line":512,"column":35},"end":{"line":512,"column":77}},"357":{"start":{"line":515,"column":35},"end":{"line":515,"column":104}},"358":{"start":{"line":515,"column":90},"end":{"line":515,"column":103}},"359":{"start":{"line":516,"column":33},"end":{"line":516,"column":82}},"360":{"start":{"line":519,"column":34},"end":{"line":519,"column":36}},"361":{"start":{"line":520,"column":16},"end":{"line":525,"column":17}},"362":{"start":{"line":521,"column":33},"end":{"line":521,"column":53}},"363":{"start":{"line":522,"column":20},"end":{"line":524,"column":21}},"364":{"start":{"line":523,"column":24},"end":{"line":523,"column":126}},"365":{"start":{"line":528,"column":32},"end":{"line":528,"column":84}},"366":{"start":{"line":529,"column":32},"end":{"line":529,"column":61}},"367":{"start":{"line":530,"column":16},"end":{"line":530,"column":44}},"368":{"start":{"line":531,"column":40},"end":{"line":531,"column":86}},"369":{"start":{"line":532,"column":41},"end":{"line":532,"column":127}},"370":{"start":{"line":535,"column":30},"end":{"line":535,"column":91}},"371":{"start":{"line":535,"column":71},"end":{"line":535,"column":83}},"372":{"start":{"line":536,"column":36},"end":{"line":536,"column":72}},"373":{"start":{"line":538,"column":33},"end":{"line":538,"column":63}},"374":{"start":{"line":541,"column":33},"end":{"line":541,"column":62}},"375":{"start":{"line":542,"column":16},"end":{"line":542,"column":166}},"376":{"start":{"line":543,"column":16},"end":{"line":555,"column":18}},"377":{"start":{"line":556,"column":16},"end":{"line":556,"column":52}},"378":{"start":{"line":560,"column":12},"end":{"line":560,"column":113}},"379":{"start":{"line":566,"column":22},"end":{"line":566,"column":61}},"380":{"start":{"line":567,"column":4},"end":{"line":567,"column":27}},"381":{"start":{"line":567,"column":20},"end":{"line":567,"column":27}},"382":{"start":{"line":569,"column":26},"end":{"line":573,"column":5}},"383":{"start":{"line":575,"column":4},"end":{"line":610,"column":5}},"384":{"start":{"line":576,"column":25},"end":{"line":576,"column":53}},"385":{"start":{"line":577,"column":8},"end":{"line":577,"column":74}},"386":{"start":{"line":577,"column":26},"end":{"line":577,"column":74}},"387":{"start":{"line":579,"column":21},"end":{"line":579,"column":42}},"388":{"start":{"line":580,"column":23},"end":{"line":580,"column":38}},"389":{"start":{"line":581,"column":20},"end":{"line":581,"column":61}},"390":{"start":{"line":583,"column":22},"end":{"line":585,"column":82}},"391":{"start":{"line":584,"column":22},"end":{"line":584,"column":44}},"392":{"start":{"line":585,"column":28},"end":{"line":585,"column":81}},"393":{"start":{"line":587,"column":8},"end":{"line":587,"column":86}},"394":{"start":{"line":587,"column":32},"end":{"line":587,"column":86}},"395":{"start":{"line":589,"column":8},"end":{"line":589,"column":33}},"396":{"start":{"line":590,"column":8},"end":{"line":600,"column":11}},"397":{"start":{"line":591,"column":29},"end":{"line":591,"column":50}},"398":{"start":{"line":592,"column":24},"end":{"line":592,"column":53}},"399":{"start":{"line":593,"column":12},"end":{"line":593,"column":49}},"400":{"start":{"line":594,"column":30},"end":{"line":596,"column":55}},"401":{"start":{"line":596,"column":39},"end":{"line":596,"column":54}},"402":{"start":{"line":597,"column":12},"end":{"line":597,"column":32}},"403":{"start":{"line":598,"column":12},"end":{"line":598,"column":129}},"404":{"start":{"line":599,"column":12},"end":{"line":599,"column":39}},"405":{"start":{"line":602,"column":8},"end":{"line":602,"column":96}},"406":{"start":{"line":603,"column":8},"end":{"line":603,"column":33}},"407":{"start":{"line":604,"column":8},"end":{"line":609,"column":11}},"408":{"start":{"line":605,"column":25},"end":{"line":605,"column":55}},"409":{"start":{"line":606,"column":12},"end":{"line":606,"column":137}},"410":{"start":{"line":607,"column":12},"end":{"line":607,"column":40}},"411":{"start":{"line":608,"column":12},"end":{"line":608,"column":40}},"412":{"start":{"line":614,"column":0},"end":{"line":620,"column":1}},"413":{"start":{"line":615,"column":4},"end":{"line":619,"column":6}},"414":{"start":{"line":616,"column":8},"end":{"line":616,"column":41}},"415":{"start":{"line":617,"column":8},"end":{"line":617,"column":28}},"416":{"start":{"line":618,"column":8},"end":{"line":618,"column":27}},"417":{"start":{"line":623,"column":0},"end":{"line":647,"column":1}},"418":{"start":{"line":624,"column":4},"end":{"line":646,"column":6}}},"fnMap":{"0":{"name":"triggerSensoryRitual","decl":{"start":{"line":7,"column":9},"end":{"line":7,"column":29}},"loc":{"start":{"line":7,"column":38},"end":{"line":96,"column":1}},"line":7},"1":{"name":"(anonymous_1)","decl":{"start":{"line":32,"column":18},"end":{"line":32,"column":19}},"loc":{"start":{"line":32,"column":23},"end":{"line":37,"column":5}},"line":32},"2":{"name":"setActiveIllustration","decl":{"start":{"line":99,"column":9},"end":{"line":99,"column":30}},"loc":{"start":{"line":99,"column":35},"end":{"line":113,"column":1}},"line":99},"3":{"name":"(anonymous_3)","decl":{"start":{"line":101,"column":26},"end":{"line":101,"column":27}},"loc":{"start":{"line":101,"column":34},"end":{"line":112,"column":5}},"line":101},"4":{"name":"generateBubbles","decl":{"start":{"line":116,"column":9},"end":{"line":116,"column":24}},"loc":{"start":{"line":116,"column":27},"end":{"line":130,"column":1}},"line":116},"5":{"name":"(anonymous_5)","decl":{"start":{"line":137,"column":39},"end":{"line":137,"column":40}},"loc":{"start":{"line":137,"column":46},"end":{"line":140,"column":1}},"line":137},"6":{"name":"animateCursor","decl":{"start":{"line":142,"column":9},"end":{"line":142,"column":22}},"loc":{"start":{"line":142,"column":25},"end":{"line":157,"column":1}},"line":142},"7":{"name":"initCursorInteractions","decl":{"start":{"line":168,"column":9},"end":{"line":168,"column":31}},"loc":{"start":{"line":168,"column":34},"end":{"line":189,"column":1}},"line":168},"8":{"name":"(anonymous_8)","decl":{"start":{"line":171,"column":31},"end":{"line":171,"column":32}},"loc":{"start":{"line":171,"column":41},"end":{"line":188,"column":5}},"line":171},"9":{"name":"(anonymous_9)","decl":{"start":{"line":172,"column":46},"end":{"line":172,"column":47}},"loc":{"start":{"line":172,"column":52},"end":{"line":179,"column":9}},"line":172},"10":{"name":"(anonymous_10)","decl":{"start":{"line":180,"column":46},"end":{"line":180,"column":47}},"loc":{"start":{"line":180,"column":52},"end":{"line":187,"column":9}},"line":180},"11":{"name":"(anonymous_11)","decl":{"start":{"line":202,"column":49},"end":{"line":202,"column":50}},"loc":{"start":{"line":202,"column":56},"end":{"line":221,"column":5}},"line":202},"12":{"name":"(anonymous_12)","decl":{"start":{"line":223,"column":50},"end":{"line":223,"column":51}},"loc":{"start":{"line":223,"column":56},"end":{"line":238,"column":5}},"line":223},"13":{"name":"toggleManifestoLine","decl":{"start":{"line":242,"column":9},"end":{"line":242,"column":28}},"loc":{"start":{"line":242,"column":33},"end":{"line":261,"column":1}},"line":242},"14":{"name":"(anonymous_14)","decl":{"start":{"line":266,"column":46},"end":{"line":266,"column":47}},"loc":{"start":{"line":266,"column":52},"end":{"line":272,"column":5}},"line":266},"15":{"name":"(anonymous_15)","decl":{"start":{"line":276,"column":37},"end":{"line":276,"column":38}},"loc":{"start":{"line":276,"column":44},"end":{"line":281,"column":1}},"line":276},"16":{"name":"openAdminPanel","decl":{"start":{"line":283,"column":9},"end":{"line":283,"column":23}},"loc":{"start":{"line":283,"column":26},"end":{"line":298,"column":1}},"line":283},"17":{"name":"closeAdminPanel","decl":{"start":{"line":300,"column":9},"end":{"line":300,"column":24}},"loc":{"start":{"line":300,"column":27},"end":{"line":303,"column":1}},"line":300},"18":{"name":"authenticateAdmin","decl":{"start":{"line":305,"column":9},"end":{"line":305,"column":26}},"loc":{"start":{"line":305,"column":29},"end":{"line":324,"column":1}},"line":305},"19":{"name":"enableVisualEditorMode","decl":{"start":{"line":326,"column":9},"end":{"line":326,"column":31}},"loc":{"start":{"line":326,"column":34},"end":{"line":332,"column":1}},"line":326},"20":{"name":"(anonymous_20)","decl":{"start":{"line":328,"column":29},"end":{"line":328,"column":30}},"loc":{"start":{"line":328,"column":35},"end":{"line":331,"column":5}},"line":328},"21":{"name":"exportUpdatedHTMLFile","decl":{"start":{"line":334,"column":9},"end":{"line":334,"column":30}},"loc":{"start":{"line":334,"column":33},"end":{"line":382,"column":1}},"line":334},"22":{"name":"(anonymous_22)","decl":{"start":{"line":337,"column":29},"end":{"line":337,"column":30}},"loc":{"start":{"line":337,"column":35},"end":{"line":340,"column":5}},"line":337},"23":{"name":"(anonymous_23)","decl":{"start":{"line":368,"column":33},"end":{"line":368,"column":34}},"loc":{"start":{"line":368,"column":39},"end":{"line":371,"column":9}},"line":368},"24":{"name":"checkReveal","decl":{"start":{"line":386,"column":9},"end":{"line":386,"column":20}},"loc":{"start":{"line":386,"column":23},"end":{"line":396,"column":1}},"line":386},"25":{"name":"(anonymous_25)","decl":{"start":{"line":388,"column":27},"end":{"line":388,"column":28}},"loc":{"start":{"line":388,"column":33},"end":{"line":395,"column":5}},"line":388},"26":{"name":"openServiceModal","decl":{"start":{"line":404,"column":9},"end":{"line":404,"column":25}},"loc":{"start":{"line":404,"column":39},"end":{"line":420,"column":1}},"line":404},"27":{"name":"(anonymous_27)","decl":{"start":{"line":414,"column":15},"end":{"line":414,"column":16}},"loc":{"start":{"line":414,"column":21},"end":{"line":419,"column":5}},"line":414},"28":{"name":"closeServiceModal","decl":{"start":{"line":422,"column":9},"end":{"line":422,"column":26}},"loc":{"start":{"line":422,"column":29},"end":{"line":432,"column":1}},"line":422},"29":{"name":"(anonymous_29)","decl":{"start":{"line":429,"column":15},"end":{"line":429,"column":16}},"loc":{"start":{"line":429,"column":21},"end":{"line":431,"column":5}},"line":429},"30":{"name":"submitBriefingForm","decl":{"start":{"line":435,"column":9},"end":{"line":435,"column":27}},"loc":{"start":{"line":435,"column":35},"end":{"line":439,"column":1}},"line":435},"31":{"name":"resetBriefingForm","decl":{"start":{"line":441,"column":9},"end":{"line":441,"column":26}},"loc":{"start":{"line":441,"column":29},"end":{"line":446,"column":1}},"line":441},"32":{"name":"toggleSpotifyPlayer","decl":{"start":{"line":449,"column":9},"end":{"line":449,"column":28}},"loc":{"start":{"line":449,"column":31},"end":{"line":464,"column":1}},"line":449},"33":{"name":"(anonymous_33)","decl":{"start":{"line":456,"column":19},"end":{"line":456,"column":20}},"loc":{"start":{"line":456,"column":25},"end":{"line":456,"column":53}},"line":456},"34":{"name":"(anonymous_34)","decl":{"start":{"line":460,"column":19},"end":{"line":460,"column":20}},"loc":{"start":{"line":460,"column":25},"end":{"line":460,"column":71}},"line":460},"35":{"name":"fetchSubstackFeed","decl":{"start":{"line":467,"column":9},"end":{"line":467,"column":26}},"loc":{"start":{"line":467,"column":29},"end":{"line":562,"column":1}},"line":467},"36":{"name":"(anonymous_36)","decl":{"start":{"line":485,"column":14},"end":{"line":485,"column":15}},"loc":{"start":{"line":485,"column":26},"end":{"line":488,"column":9}},"line":485},"37":{"name":"(anonymous_37)","decl":{"start":{"line":489,"column":14},"end":{"line":489,"column":15}},"loc":{"start":{"line":489,"column":22},"end":{"line":558,"column":9}},"line":489},"38":{"name":"(anonymous_38)","decl":{"start":{"line":515,"column":85},"end":{"line":515,"column":86}},"loc":{"start":{"line":515,"column":90},"end":{"line":515,"column":103}},"line":515},"39":{"name":"(anonymous_39)","decl":{"start":{"line":535,"column":66},"end":{"line":535,"column":67}},"loc":{"start":{"line":535,"column":71},"end":{"line":535,"column":83}},"line":535},"40":{"name":"(anonymous_40)","decl":{"start":{"line":559,"column":15},"end":{"line":559,"column":16}},"loc":{"start":{"line":559,"column":24},"end":{"line":561,"column":9}},"line":559},"41":{"name":"loadPartnerLogos","decl":{"start":{"line":565,"column":15},"end":{"line":565,"column":31}},"loc":{"start":{"line":565,"column":34},"end":{"line":611,"column":1}},"line":565},"42":{"name":"(anonymous_42)","decl":{"start":{"line":584,"column":17},"end":{"line":584,"column":18}},"loc":{"start":{"line":584,"column":22},"end":{"line":584,"column":44}},"line":584},"43":{"name":"(anonymous_43)","decl":{"start":{"line":585,"column":20},"end":{"line":585,"column":21}},"loc":{"start":{"line":585,"column":28},"end":{"line":585,"column":81}},"line":585},"44":{"name":"(anonymous_44)","decl":{"start":{"line":590,"column":22},"end":{"line":590,"column":23}},"loc":{"start":{"line":590,"column":30},"end":{"line":600,"column":9}},"line":590},"45":{"name":"(anonymous_45)","decl":{"start":{"line":596,"column":34},"end":{"line":596,"column":35}},"loc":{"start":{"line":596,"column":39},"end":{"line":596,"column":54}},"line":596},"46":{"name":"(anonymous_46)","decl":{"start":{"line":604,"column":30},"end":{"line":604,"column":31}},"loc":{"start":{"line":604,"column":42},"end":{"line":609,"column":9}},"line":604},"47":{"name":"(anonymous_47)","decl":{"start":{"line":615,"column":20},"end":{"line":615,"column":21}},"loc":{"start":{"line":615,"column":32},"end":{"line":619,"column":5}},"line":615}},"branchMap":{"0":{"loc":{"start":{"line":23,"column":4},"end":{"line":23,"column":46}},"type":"if","locations":[{"start":{"line":23,"column":4},"end":{"line":23,"column":46}},{"start":{},"end":{}}],"line":23},"1":{"loc":{"start":{"line":24,"column":4},"end":{"line":24,"column":44}},"type":"if","locations":[{"start":{"line":24,"column":4},"end":{"line":24,"column":44}},{"start":{},"end":{}}],"line":24},"2":{"loc":{"start":{"line":25,"column":4},"end":{"line":28,"column":5}},"type":"if","locations":[{"start":{"line":25,"column":4},"end":{"line":28,"column":5}},{"start":{},"end":{}}],"line":25},"3":{"loc":{"start":{"line":34,"column":8},"end":{"line":36,"column":9}},"type":"if","locations":[{"start":{"line":34,"column":8},"end":{"line":36,"column":9}},{"start":{},"end":{}}],"line":34},"4":{"loc":{"start":{"line":41,"column":4},"end":{"line":43,"column":5}},"type":"if","locations":[{"start":{"line":41,"column":4},"end":{"line":43,"column":5}},{"start":{},"end":{}}],"line":41},"5":{"loc":{"start":{"line":49,"column":4},"end":{"line":90,"column":5}},"type":"if","locations":[{"start":{"line":49,"column":4},"end":{"line":90,"column":5}},{"start":{"line":59,"column":11},"end":{"line":90,"column":5}}],"line":49},"6":{"loc":{"start":{"line":50,"column":8},"end":{"line":50,"column":51}},"type":"if","locations":[{"start":{"line":50,"column":8},"end":{"line":50,"column":51}},{"start":{},"end":{}}],"line":50},"7":{"loc":{"start":{"line":51,"column":8},"end":{"line":51,"column":182}},"type":"if","locations":[{"start":{"line":51,"column":8},"end":{"line":51,"column":182}},{"start":{},"end":{}}],"line":51},"8":{"loc":{"start":{"line":53,"column":8},"end":{"line":53,"column":183}},"type":"if","locations":[{"start":{"line":53,"column":8},"end":{"line":53,"column":183}},{"start":{},"end":{}}],"line":53},"9":{"loc":{"start":{"line":54,"column":8},"end":{"line":54,"column":159}},"type":"if","locations":[{"start":{"line":54,"column":8},"end":{"line":54,"column":159}},{"start":{},"end":{}}],"line":54},"10":{"loc":{"start":{"line":56,"column":8},"end":{"line":56,"column":84}},"type":"if","locations":[{"start":{"line":56,"column":8},"end":{"line":56,"column":84}},{"start":{},"end":{}}],"line":56},"11":{"loc":{"start":{"line":57,"column":8},"end":{"line":57,"column":71}},"type":"if","locations":[{"start":{"line":57,"column":8},"end":{"line":57,"column":71}},{"start":{},"end":{}}],"line":57},"12":{"loc":{"start":{"line":59,"column":11},"end":{"line":90,"column":5}},"type":"if","locations":[{"start":{"line":59,"column":11},"end":{"line":90,"column":5}},{"start":{"line":72,"column":11},"end":{"line":90,"column":5}}],"line":59},"13":{"loc":{"start":{"line":60,"column":8},"end":{"line":63,"column":9}},"type":"if","locations":[{"start":{"line":60,"column":8},"end":{"line":63,"column":9}},{"start":{},"end":{}}],"line":60},"14":{"loc":{"start":{"line":64,"column":8},"end":{"line":64,"column":178}},"type":"if","locations":[{"start":{"line":64,"column":8},"end":{"line":64,"column":178}},{"start":{},"end":{}}],"line":64},"15":{"loc":{"start":{"line":66,"column":8},"end":{"line":66,"column":178}},"type":"if","locations":[{"start":{"line":66,"column":8},"end":{"line":66,"column":178}},{"start":{},"end":{}}],"line":66},"16":{"loc":{"start":{"line":67,"column":8},"end":{"line":67,"column":172}},"type":"if","locations":[{"start":{"line":67,"column":8},"end":{"line":67,"column":172}},{"start":{},"end":{}}],"line":67},"17":{"loc":{"start":{"line":69,"column":8},"end":{"line":69,"column":85}},"type":"if","locations":[{"start":{"line":69,"column":8},"end":{"line":69,"column":85}},{"start":{},"end":{}}],"line":69},"18":{"loc":{"start":{"line":70,"column":8},"end":{"line":70,"column":71}},"type":"if","locations":[{"start":{"line":70,"column":8},"end":{"line":70,"column":71}},{"start":{},"end":{}}],"line":70},"19":{"loc":{"start":{"line":72,"column":11},"end":{"line":90,"column":5}},"type":"if","locations":[{"start":{"line":72,"column":11},"end":{"line":90,"column":5}},{"start":{"line":81,"column":11},"end":{"line":90,"column":5}}],"line":72},"20":{"loc":{"start":{"line":73,"column":8},"end":{"line":73,"column":177}},"type":"if","locations":[{"start":{"line":73,"column":8},"end":{"line":73,"column":177}},{"start":{},"end":{}}],"line":73},"21":{"loc":{"start":{"line":75,"column":8},"end":{"line":75,"column":177}},"type":"if","locations":[{"start":{"line":75,"column":8},"end":{"line":75,"column":177}},{"start":{},"end":{}}],"line":75},"22":{"loc":{"start":{"line":76,"column":8},"end":{"line":76,"column":166}},"type":"if","locations":[{"start":{"line":76,"column":8},"end":{"line":76,"column":166}},{"start":{},"end":{}}],"line":76},"23":{"loc":{"start":{"line":78,"column":8},"end":{"line":78,"column":82}},"type":"if","locations":[{"start":{"line":78,"column":8},"end":{"line":78,"column":82}},{"start":{},"end":{}}],"line":78},"24":{"loc":{"start":{"line":79,"column":8},"end":{"line":79,"column":77}},"type":"if","locations":[{"start":{"line":79,"column":8},"end":{"line":79,"column":77}},{"start":{},"end":{}}],"line":79},"25":{"loc":{"start":{"line":81,"column":11},"end":{"line":90,"column":5}},"type":"if","locations":[{"start":{"line":81,"column":11},"end":{"line":90,"column":5}},{"start":{},"end":{}}],"line":81},"26":{"loc":{"start":{"line":82,"column":8},"end":{"line":82,"column":49}},"type":"if","locations":[{"start":{"line":82,"column":8},"end":{"line":82,"column":49}},{"start":{},"end":{}}],"line":82},"27":{"loc":{"start":{"line":83,"column":8},"end":{"line":83,"column":182}},"type":"if","locations":[{"start":{"line":83,"column":8},"end":{"line":83,"column":182}},{"start":{},"end":{}}],"line":83},"28":{"loc":{"start":{"line":85,"column":8},"end":{"line":85,"column":180}},"type":"if","locations":[{"start":{"line":85,"column":8},"end":{"line":85,"column":180}},{"start":{},"end":{}}],"line":85},"29":{"loc":{"start":{"line":86,"column":8},"end":{"line":86,"column":159}},"type":"if","locations":[{"start":{"line":86,"column":8},"end":{"line":86,"column":159}},{"start":{},"end":{}}],"line":86},"30":{"loc":{"start":{"line":88,"column":8},"end":{"line":88,"column":86}},"type":"if","locations":[{"start":{"line":88,"column":8},"end":{"line":88,"column":86}},{"start":{},"end":{}}],"line":88},"31":{"loc":{"start":{"line":89,"column":8},"end":{"line":89,"column":75}},"type":"if","locations":[{"start":{"line":89,"column":8},"end":{"line":89,"column":75}},{"start":{},"end":{}}],"line":89},"32":{"loc":{"start":{"line":93,"column":4},"end":{"line":95,"column":5}},"type":"if","locations":[{"start":{"line":93,"column":4},"end":{"line":95,"column":5}},{"start":{},"end":{}}],"line":93},"33":{"loc":{"start":{"line":103,"column":8},"end":{"line":111,"column":9}},"type":"if","locations":[{"start":{"line":103,"column":8},"end":{"line":111,"column":9}},{"start":{},"end":{}}],"line":103},"34":{"loc":{"start":{"line":104,"column":12},"end":{"line":110,"column":13}},"type":"if","locations":[{"start":{"line":104,"column":12},"end":{"line":110,"column":13}},{"start":{"line":107,"column":19},"end":{"line":110,"column":13}}],"line":104},"35":{"loc":{"start":{"line":118,"column":4},"end":{"line":118,"column":27}},"type":"if","locations":[{"start":{"line":118,"column":4},"end":{"line":118,"column":27}},{"start":{},"end":{}}],"line":118},"36":{"loc":{"start":{"line":150,"column":4},"end":{"line":153,"column":5}},"type":"if","locations":[{"start":{"line":150,"column":4},"end":{"line":153,"column":5}},{"start":{},"end":{}}],"line":150},"37":{"loc":{"start":{"line":154,"column":4},"end":{"line":156,"column":5}},"type":"if","locations":[{"start":{"line":154,"column":4},"end":{"line":156,"column":5}},{"start":{},"end":{}}],"line":154},"38":{"loc":{"start":{"line":160,"column":0},"end":{"line":165,"column":1}},"type":"if","locations":[{"start":{"line":160,"column":0},"end":{"line":165,"column":1}},{"start":{},"end":{}}],"line":160},"39":{"loc":{"start":{"line":160,"column":4},"end":{"line":160,"column":68}},"type":"binary-expr","locations":[{"start":{"line":160,"column":4},"end":{"line":160,"column":33}},{"start":{"line":160,"column":37},"end":{"line":160,"column":68}}],"line":160},"40":{"loc":{"start":{"line":162,"column":4},"end":{"line":164,"column":5}},"type":"if","locations":[{"start":{"line":162,"column":4},"end":{"line":164,"column":5}},{"start":{},"end":{}}],"line":162},"41":{"loc":{"start":{"line":173,"column":12},"end":{"line":178,"column":13}},"type":"if","locations":[{"start":{"line":173,"column":12},"end":{"line":178,"column":13}},{"start":{},"end":{}}],"line":173},"42":{"loc":{"start":{"line":181,"column":12},"end":{"line":186,"column":13}},"type":"if","locations":[{"start":{"line":181,"column":12},"end":{"line":186,"column":13}},{"start":{},"end":{}}],"line":181},"43":{"loc":{"start":{"line":191,"column":0},"end":{"line":193,"column":1}},"type":"if","locations":[{"start":{"line":191,"column":0},"end":{"line":193,"column":1}},{"start":{},"end":{}}],"line":191},"44":{"loc":{"start":{"line":197,"column":0},"end":{"line":239,"column":1}},"type":"if","locations":[{"start":{"line":197,"column":0},"end":{"line":239,"column":1}},{"start":{},"end":{}}],"line":197},"45":{"loc":{"start":{"line":207,"column":8},"end":{"line":209,"column":9}},"type":"if","locations":[{"start":{"line":207,"column":8},"end":{"line":209,"column":9}},{"start":{},"end":{}}],"line":207},"46":{"loc":{"start":{"line":210,"column":8},"end":{"line":212,"column":9}},"type":"if","locations":[{"start":{"line":210,"column":8},"end":{"line":212,"column":9}},{"start":{},"end":{}}],"line":210},"47":{"loc":{"start":{"line":213,"column":8},"end":{"line":215,"column":9}},"type":"if","locations":[{"start":{"line":213,"column":8},"end":{"line":215,"column":9}},{"start":{},"end":{}}],"line":213},"48":{"loc":{"start":{"line":218,"column":8},"end":{"line":220,"column":9}},"type":"if","locations":[{"start":{"line":218,"column":8},"end":{"line":220,"column":9}},{"start":{},"end":{}}],"line":218},"49":{"loc":{"start":{"line":224,"column":8},"end":{"line":226,"column":9}},"type":"if","locations":[{"start":{"line":224,"column":8},"end":{"line":226,"column":9}},{"start":{},"end":{}}],"line":224},"50":{"loc":{"start":{"line":227,"column":8},"end":{"line":229,"column":9}},"type":"if","locations":[{"start":{"line":227,"column":8},"end":{"line":229,"column":9}},{"start":{},"end":{}}],"line":227},"51":{"loc":{"start":{"line":230,"column":8},"end":{"line":232,"column":9}},"type":"if","locations":[{"start":{"line":230,"column":8},"end":{"line":232,"column":9}},{"start":{},"end":{}}],"line":230},"52":{"loc":{"start":{"line":235,"column":8},"end":{"line":237,"column":9}},"type":"if","locations":[{"start":{"line":235,"column":8},"end":{"line":237,"column":9}},{"start":{},"end":{}}],"line":235},"53":{"loc":{"start":{"line":246,"column":4},"end":{"line":246,"column":22}},"type":"if","locations":[{"start":{"line":246,"column":4},"end":{"line":246,"column":22}},{"start":{},"end":{}}],"line":246},"54":{"loc":{"start":{"line":248,"column":4},"end":{"line":260,"column":5}},"type":"if","locations":[{"start":{"line":248,"column":4},"end":{"line":260,"column":5}},{"start":{"line":254,"column":11},"end":{"line":260,"column":5}}],"line":248},"55":{"loc":{"start":{"line":250,"column":8},"end":{"line":253,"column":9}},"type":"if","locations":[{"start":{"line":250,"column":8},"end":{"line":253,"column":9}},{"start":{},"end":{}}],"line":250},"56":{"loc":{"start":{"line":256,"column":8},"end":{"line":259,"column":9}},"type":"if","locations":[{"start":{"line":256,"column":8},"end":{"line":259,"column":9}},{"start":{},"end":{}}],"line":256},"57":{"loc":{"start":{"line":265,"column":0},"end":{"line":273,"column":1}},"type":"if","locations":[{"start":{"line":265,"column":0},"end":{"line":273,"column":1}},{"start":{},"end":{}}],"line":265},"58":{"loc":{"start":{"line":268,"column":8},"end":{"line":271,"column":9}},"type":"if","locations":[{"start":{"line":268,"column":8},"end":{"line":271,"column":9}},{"start":{},"end":{}}],"line":268},"59":{"loc":{"start":{"line":277,"column":4},"end":{"line":280,"column":5}},"type":"if","locations":[{"start":{"line":277,"column":4},"end":{"line":280,"column":5}},{"start":{},"end":{}}],"line":277},"60":{"loc":{"start":{"line":277,"column":8},"end":{"line":277,"column":62}},"type":"binary-expr","locations":[{"start":{"line":277,"column":8},"end":{"line":277,"column":17}},{"start":{"line":277,"column":21},"end":{"line":277,"column":31}},{"start":{"line":277,"column":35},"end":{"line":277,"column":62}}],"line":277},"61":{"loc":{"start":{"line":285,"column":4},"end":{"line":285,"column":28}},"type":"if","locations":[{"start":{"line":285,"column":4},"end":{"line":285,"column":28}},{"start":{},"end":{}}],"line":285},"62":{"loc":{"start":{"line":291,"column":4},"end":{"line":297,"column":5}},"type":"if","locations":[{"start":{"line":291,"column":4},"end":{"line":297,"column":5}},{"start":{"line":294,"column":11},"end":{"line":297,"column":5}}],"line":291},"63":{"loc":{"start":{"line":292,"column":8},"end":{"line":292,"column":57}},"type":"if","locations":[{"start":{"line":292,"column":8},"end":{"line":292,"column":57}},{"start":{},"end":{}}],"line":292},"64":{"loc":{"start":{"line":293,"column":8},"end":{"line":293,"column":70}},"type":"if","locations":[{"start":{"line":293,"column":8},"end":{"line":293,"column":70}},{"start":{},"end":{}}],"line":293},"65":{"loc":{"start":{"line":295,"column":8},"end":{"line":295,"column":60}},"type":"if","locations":[{"start":{"line":295,"column":8},"end":{"line":295,"column":60}},{"start":{},"end":{}}],"line":295},"66":{"loc":{"start":{"line":296,"column":8},"end":{"line":296,"column":67}},"type":"if","locations":[{"start":{"line":296,"column":8},"end":{"line":296,"column":67}},{"start":{},"end":{}}],"line":296},"67":{"loc":{"start":{"line":302,"column":4},"end":{"line":302,"column":55}},"type":"if","locations":[{"start":{"line":302,"column":4},"end":{"line":302,"column":55}},{"start":{},"end":{}}],"line":302},"68":{"loc":{"start":{"line":309,"column":4},"end":{"line":309,"column":31}},"type":"if","locations":[{"start":{"line":309,"column":4},"end":{"line":309,"column":31}},{"start":{},"end":{}}],"line":309},"69":{"loc":{"start":{"line":311,"column":4},"end":{"line":323,"column":5}},"type":"if","locations":[{"start":{"line":311,"column":4},"end":{"line":323,"column":5}},{"start":{"line":321,"column":11},"end":{"line":323,"column":5}}],"line":311},"70":{"loc":{"start":{"line":313,"column":8},"end":{"line":313,"column":55}},"type":"if","locations":[{"start":{"line":313,"column":8},"end":{"line":313,"column":55}},{"start":{},"end":{}}],"line":313},"71":{"loc":{"start":{"line":318,"column":8},"end":{"line":318,"column":57}},"type":"if","locations":[{"start":{"line":318,"column":8},"end":{"line":318,"column":57}},{"start":{},"end":{}}],"line":318},"72":{"loc":{"start":{"line":319,"column":8},"end":{"line":319,"column":70}},"type":"if","locations":[{"start":{"line":319,"column":8},"end":{"line":319,"column":70}},{"start":{},"end":{}}],"line":319},"73":{"loc":{"start":{"line":322,"column":8},"end":{"line":322,"column":58}},"type":"if","locations":[{"start":{"line":322,"column":8},"end":{"line":322,"column":58}},{"start":{},"end":{}}],"line":322},"74":{"loc":{"start":{"line":344,"column":4},"end":{"line":351,"column":5}},"type":"if","locations":[{"start":{"line":344,"column":4},"end":{"line":351,"column":5}},{"start":{},"end":{}}],"line":344},"75":{"loc":{"start":{"line":348,"column":8},"end":{"line":350,"column":9}},"type":"if","locations":[{"start":{"line":348,"column":8},"end":{"line":350,"column":9}},{"start":{},"end":{}}],"line":348},"76":{"loc":{"start":{"line":354,"column":4},"end":{"line":361,"column":5}},"type":"if","locations":[{"start":{"line":354,"column":4},"end":{"line":361,"column":5}},{"start":{},"end":{}}],"line":354},"77":{"loc":{"start":{"line":358,"column":8},"end":{"line":360,"column":9}},"type":"if","locations":[{"start":{"line":358,"column":8},"end":{"line":360,"column":9}},{"start":{},"end":{}}],"line":358},"78":{"loc":{"start":{"line":367,"column":4},"end":{"line":372,"column":5}},"type":"if","locations":[{"start":{"line":367,"column":4},"end":{"line":372,"column":5}},{"start":{},"end":{}}],"line":367},"79":{"loc":{"start":{"line":390,"column":8},"end":{"line":394,"column":9}},"type":"if","locations":[{"start":{"line":390,"column":8},"end":{"line":394,"column":9}},{"start":{"line":392,"column":15},"end":{"line":394,"column":9}}],"line":390},"80":{"loc":{"start":{"line":398,"column":0},"end":{"line":401,"column":1}},"type":"if","locations":[{"start":{"line":398,"column":0},"end":{"line":401,"column":1}},{"start":{},"end":{}}],"line":398},"81":{"loc":{"start":{"line":409,"column":4},"end":{"line":409,"column":23}},"type":"if","locations":[{"start":{"line":409,"column":4},"end":{"line":409,"column":23}},{"start":{},"end":{}}],"line":409},"82":{"loc":{"start":{"line":410,"column":4},"end":{"line":410,"column":49}},"type":"if","locations":[{"start":{"line":410,"column":4},"end":{"line":410,"column":49}},{"start":{},"end":{}}],"line":410},"83":{"loc":{"start":{"line":411,"column":4},"end":{"line":411,"column":46}},"type":"if","locations":[{"start":{"line":411,"column":4},"end":{"line":411,"column":46}},{"start":{},"end":{}}],"line":411},"84":{"loc":{"start":{"line":415,"column":8},"end":{"line":418,"column":9}},"type":"if","locations":[{"start":{"line":415,"column":8},"end":{"line":418,"column":9}},{"start":{},"end":{}}],"line":415},"85":{"loc":{"start":{"line":424,"column":4},"end":{"line":424,"column":23}},"type":"if","locations":[{"start":{"line":424,"column":4},"end":{"line":424,"column":23}},{"start":{},"end":{}}],"line":424},"86":{"loc":{"start":{"line":425,"column":4},"end":{"line":428,"column":5}},"type":"if","locations":[{"start":{"line":425,"column":4},"end":{"line":428,"column":5}},{"start":{},"end":{}}],"line":425},"87":{"loc":{"start":{"line":438,"column":4},"end":{"line":438,"column":52}},"type":"if","locations":[{"start":{"line":438,"column":4},"end":{"line":438,"column":52}},{"start":{},"end":{}}],"line":438},"88":{"loc":{"start":{"line":444,"column":4},"end":{"line":444,"column":27}},"type":"if","locations":[{"start":{"line":444,"column":4},"end":{"line":444,"column":27}},{"start":{},"end":{}}],"line":444},"89":{"loc":{"start":{"line":445,"column":4},"end":{"line":445,"column":49}},"type":"if","locations":[{"start":{"line":445,"column":4},"end":{"line":445,"column":49}},{"start":{},"end":{}}],"line":445},"90":{"loc":{"start":{"line":452,"column":4},"end":{"line":452,"column":22}},"type":"if","locations":[{"start":{"line":452,"column":4},"end":{"line":452,"column":22}},{"start":{},"end":{}}],"line":452},"91":{"loc":{"start":{"line":454,"column":4},"end":{"line":462,"column":5}},"type":"if","locations":[{"start":{"line":454,"column":4},"end":{"line":462,"column":5}},{"start":{"line":458,"column":11},"end":{"line":462,"column":5}}],"line":454},"92":{"loc":{"start":{"line":457,"column":8},"end":{"line":457,"column":72}},"type":"if","locations":[{"start":{"line":457,"column":8},"end":{"line":457,"column":72}},{"start":{},"end":{}}],"line":457},"93":{"loc":{"start":{"line":461,"column":8},"end":{"line":461,"column":71}},"type":"if","locations":[{"start":{"line":461,"column":8},"end":{"line":461,"column":71}},{"start":{},"end":{}}],"line":461},"94":{"loc":{"start":{"line":469,"column":4},"end":{"line":469,"column":34}},"type":"if","locations":[{"start":{"line":469,"column":4},"end":{"line":469,"column":34}},{"start":{},"end":{}}],"line":469},"95":{"loc":{"start":{"line":472,"column":4},"end":{"line":472,"column":29}},"type":"if","locations":[{"start":{"line":472,"column":4},"end":{"line":472,"column":29}},{"start":{},"end":{}}],"line":472},"96":{"loc":{"start":{"line":482,"column":4},"end":{"line":482,"column":31}},"type":"if","locations":[{"start":{"line":482,"column":4},"end":{"line":482,"column":31}},{"start":{},"end":{}}],"line":482},"97":{"loc":{"start":{"line":486,"column":12},"end":{"line":486,"column":75}},"type":"if","locations":[{"start":{"line":486,"column":12},"end":{"line":486,"column":75}},{"start":{},"end":{}}],"line":486},"98":{"loc":{"start":{"line":490,"column":12},"end":{"line":490,"column":74}},"type":"if","locations":[{"start":{"line":490,"column":12},"end":{"line":490,"column":74}},{"start":{},"end":{}}],"line":490},"99":{"loc":{"start":{"line":497,"column":12},"end":{"line":497,"column":77}},"type":"if","locations":[{"start":{"line":497,"column":12},"end":{"line":497,"column":77}},{"start":{},"end":{}}],"line":497},"100":{"loc":{"start":{"line":500,"column":12},"end":{"line":500,"column":88}},"type":"if","locations":[{"start":{"line":500,"column":12},"end":{"line":500,"column":88}},{"start":{},"end":{}}],"line":500},"101":{"loc":{"start":{"line":510,"column":30},"end":{"line":510,"column":86}},"type":"binary-expr","locations":[{"start":{"line":510,"column":30},"end":{"line":510,"column":70}},{"start":{"line":510,"column":74},"end":{"line":510,"column":86}}],"line":510},"102":{"loc":{"start":{"line":511,"column":29},"end":{"line":511,"column":83}},"type":"binary-expr","locations":[{"start":{"line":511,"column":29},"end":{"line":511,"column":68}},{"start":{"line":511,"column":72},"end":{"line":511,"column":83}}],"line":511},"103":{"loc":{"start":{"line":516,"column":33},"end":{"line":516,"column":82}},"type":"cond-expr","locations":[{"start":{"line":516,"column":57},"end":{"line":516,"column":70}},{"start":{"line":516,"column":73},"end":{"line":516,"column":82}}],"line":516},"104":{"loc":{"start":{"line":520,"column":16},"end":{"line":525,"column":17}},"type":"if","locations":[{"start":{"line":520,"column":16},"end":{"line":525,"column":17}},{"start":{},"end":{}}],"line":520},"105":{"loc":{"start":{"line":522,"column":20},"end":{"line":524,"column":21}},"type":"if","locations":[{"start":{"line":522,"column":20},"end":{"line":524,"column":21}},{"start":{},"end":{}}],"line":522},"106":{"loc":{"start":{"line":528,"column":32},"end":{"line":528,"column":84}},"type":"binary-expr","locations":[{"start":{"line":528,"column":32},"end":{"line":528,"column":78}},{"start":{"line":528,"column":82},"end":{"line":528,"column":84}}],"line":528},"107":{"loc":{"start":{"line":531,"column":40},"end":{"line":531,"column":86}},"type":"binary-expr","locations":[{"start":{"line":531,"column":40},"end":{"line":531,"column":59}},{"start":{"line":531,"column":63},"end":{"line":531,"column":80}},{"start":{"line":531,"column":84},"end":{"line":531,"column":86}}],"line":531},"108":{"loc":{"start":{"line":532,"column":85},"end":{"line":532,"column":126}},"type":"cond-expr","locations":[{"start":{"line":532,"column":116},"end":{"line":532,"column":121}},{"start":{"line":532,"column":124},"end":{"line":532,"column":126}}],"line":532},"109":{"loc":{"start":{"line":545,"column":128},"end":{"line":545,"column":165}},"type":"cond-expr","locations":[{"start":{"line":545,"column":142},"end":{"line":545,"column":160}},{"start":{"line":545,"column":163},"end":{"line":545,"column":165}}],"line":545},"110":{"loc":{"start":{"line":567,"column":4},"end":{"line":567,"column":27}},"type":"if","locations":[{"start":{"line":567,"column":4},"end":{"line":567,"column":27}},{"start":{},"end":{}}],"line":567},"111":{"loc":{"start":{"line":577,"column":8},"end":{"line":577,"column":74}},"type":"if","locations":[{"start":{"line":577,"column":8},"end":{"line":577,"column":74}},{"start":{},"end":{}}],"line":577},"112":{"loc":{"start":{"line":585,"column":28},"end":{"line":585,"column":81}},"type":"binary-expr","locations":[{"start":{"line":585,"column":28},"end":{"line":585,"column":32}},{"start":{"line":585,"column":36},"end":{"line":585,"column":81}}],"line":585},"113":{"loc":{"start":{"line":587,"column":8},"end":{"line":587,"column":86}},"type":"if","locations":[{"start":{"line":587,"column":8},"end":{"line":587,"column":86}},{"start":{},"end":{}}],"line":587},"114":{"loc":{"start":{"line":614,"column":0},"end":{"line":620,"column":1}},"type":"if","locations":[{"start":{"line":614,"column":0},"end":{"line":620,"column":1}},{"start":{},"end":{}}],"line":614},"115":{"loc":{"start":{"line":623,"column":0},"end":{"line":647,"column":1}},"type":"if","locations":[{"start":{"line":623,"column":0},"end":{"line":647,"column":1}},{"start":{},"end":{}}],"line":623},"116":{"loc":{"start":{"line":623,"column":4},"end":{"line":623,"column":51}},"type":"binary-expr","locations":[{"start":{"line":623,"column":4},"end":{"line":623,"column":33}},{"start":{"line":623,"column":37},"end":{"line":623,"column":51}}],"line":623}},"s":{"0":7,"1":7,"2":7,"3":7,"4":2,"5":2,"6":2,"7":2,"8":2,"9":2,"10":2,"11":2,"12":2,"13":2,"14":2,"15":2,"16":2,"17":2,"18":2,"19":2,"20":2,"21":2,"22":8,"23":8,"24":8,"25":2,"26":2,"27":2,"28":2,"29":2,"30":1,"31":1,"32":1,"33":1,"34":1,"35":1,"36":1,"37":1,"38":1,"39":1,"40":1,"41":1,"42":1,"43":1,"44":1,"45":1,"46":1,"47":1,"48":1,"49":1,"50":1,"51":1,"52":1,"53":1,"54":1,"55":1,"56":0,"57":0,"58":0,"59":0,"60":0,"61":0,"62":0,"63":0,"64":0,"65":0,"66":0,"67":0,"68":0,"69":0,"70":0,"71":0,"72":0,"73":0,"74":0,"75":0,"76":0,"77":0,"78":0,"79":0,"80":2,"81":0,"82":2,"83":2,"84":10,"85":10,"86":10,"87":2,"88":2,"89":8,"90":8,"91":1,"92":1,"93":0,"94":1,"95":1,"96":15,"97":15,"98":15,"99":15,"100":15,"101":15,"102":15,"103":15,"104":15,"105":7,"106":7,"107":7,"108":7,"109":7,"110":7,"111":0,"112":0,"113":7,"114":7,"115":7,"116":7,"117":7,"118":7,"119":7,"120":7,"121":7,"122":7,"123":7,"124":7,"125":7,"126":7,"127":7,"128":7,"129":7,"130":0,"131":0,"132":0,"133":0,"134":0,"135":0,"136":0,"137":0,"138":0,"139":0,"140":0,"141":0,"142":7,"143":7,"144":7,"145":7,"146":0,"147":0,"148":0,"149":0,"150":0,"151":0,"152":0,"153":0,"154":0,"155":0,"156":0,"157":0,"158":0,"159":0,"160":0,"161":0,"162":0,"163":0,"164":0,"165":0,"166":0,"167":0,"168":0,"169":0,"170":0,"171":0,"172":2,"173":2,"174":2,"175":0,"176":2,"177":1,"178":1,"179":1,"180":1,"181":1,"182":1,"183":1,"184":1,"185":7,"186":7,"187":7,"188":0,"189":0,"190":0,"191":0,"192":7,"193":0,"194":0,"195":0,"196":0,"197":0,"198":0,"199":0,"200":0,"201":0,"202":0,"203":0,"204":0,"205":0,"206":0,"207":0,"208":0,"209":0,"210":0,"211":0,"212":0,"213":0,"214":2,"215":2,"216":2,"217":0,"218":2,"219":1,"220":1,"221":1,"222":1,"223":1,"224":1,"225":1,"226":1,"227":1,"228":1,"229":1,"230":1,"231":2,"232":2,"233":1,"234":1,"235":0,"236":0,"237":0,"238":0,"239":0,"240":0,"241":0,"242":0,"243":0,"244":0,"245":0,"246":0,"247":0,"248":0,"249":0,"250":0,"251":0,"252":0,"253":0,"254":0,"255":0,"256":0,"257":0,"258":0,"259":0,"260":0,"261":0,"262":0,"263":0,"264":0,"265":7,"266":0,"267":0,"268":0,"269":0,"270":0,"271":0,"272":7,"273":7,"274":7,"275":0,"276":0,"277":0,"278":0,"279":0,"280":0,"281":0,"282":0,"283":0,"284":0,"285":0,"286":0,"287":0,"288":0,"289":0,"290":0,"291":0,"292":0,"293":0,"294":0,"295":0,"296":0,"297":0,"298":0,"299":0,"300":0,"301":0,"302":0,"303":0,"304":0,"305":0,"306":0,"307":2,"308":2,"309":2,"310":0,"311":2,"312":1,"313":1,"314":0,"315":1,"316":1,"317":1,"318":1,"319":0,"320":1,"321":1,"322":2,"323":1,"324":1,"325":0,"326":1,"327":1,"328":0,"329":1,"330":1,"331":1,"332":1,"333":1,"334":0,"335":1,"336":0,"337":0,"338":0,"339":0,"340":0,"341":0,"342":0,"343":0,"344":0,"345":0,"346":0,"347":0,"348":0,"349":0,"350":0,"351":0,"352":0,"353":0,"354":0,"355":0,"356":0,"357":0,"358":0,"359":0,"360":0,"361":0,"362":0,"363":0,"364":0,"365":0,"366":0,"367":0,"368":0,"369":0,"370":0,"371":0,"372":0,"373":0,"374":0,"375":0,"376":0,"377":0,"378":1,"379":0,"380":0,"381":0,"382":0,"383":0,"384":0,"385":0,"386":0,"387":0,"388":0,"389":0,"390":0,"391":0,"392":0,"393":0,"394":0,"395":0,"396":0,"397":0,"398":0,"399":0,"400":0,"401":0,"402":0,"403":0,"404":0,"405":0,"406":0,"407":0,"408":0,"409":0,"410":0,"411":0,"412":7,"413":7,"414":0,"415":0,"416":0,"417":7,"418":7},"f":{"0":2,"1":8,"2":2,"3":10,"4":1,"5":0,"6":7,"7":7,"8":0,"9":0,"10":0,"11":0,"12":0,"13":2,"14":0,"15":0,"16":0,"17":0,"18":2,"19":2,"20":1,"21":0,"22":0,"23":0,"24":0,"25":0,"26":0,"27":0,"28":0,"29":0,"30":0,"31":0,"32":2,"33":0,"34":0,"35":1,"36":0,"37":0,"38":0,"39":0,"40":1,"41":0,"42":0,"43":0,"44":0,"45":0,"46":0,"47":0},"b":{"0":[2,0],"1":[2,0],"2":[2,0],"3":[8,0],"4":[2,0],"5":[1,1],"6":[1,0],"7":[1,0],"8":[1,0],"9":[1,0],"10":[1,0],"11":[1,0],"12":[1,0],"13":[1,0],"14":[1,0],"15":[1,0],"16":[1,0],"17":[1,0],"18":[1,0],"19":[0,0],"20":[0,0],"21":[0,0],"22":[0,0],"23":[0,0],"24":[0,0],"25":[0,0],"26":[0,0],"27":[0,0],"28":[0,0],"29":[0,0],"30":[0,0],"31":[0,0],"32":[0,2],"33":[10,0],"34":[2,8],"35":[0,1],"36":[7,0],"37":[7,0],"38":[7,0],"39":[7,7],"40":[7,0],"41":[0,0],"42":[0,0],"43":[7,0],"44":[0,7],"45":[0,0],"46":[0,0],"47":[0,0],"48":[0,0],"49":[0,0],"50":[0,0],"51":[0,0],"52":[0,0],"53":[0,2],"54":[1,1],"55":[1,0],"56":[1,0],"57":[7,0],"58":[0,0],"59":[0,0],"60":[0,0,0],"61":[0,0],"62":[0,0],"63":[0,0],"64":[0,0],"65":[0,0],"66":[0,0],"67":[0,0],"68":[0,2],"69":[1,1],"70":[1,0],"71":[1,0],"72":[1,0],"73":[1,0],"74":[0,0],"75":[0,0],"76":[0,0],"77":[0,0],"78":[0,0],"79":[0,0],"80":[7,0],"81":[0,0],"82":[0,0],"83":[0,0],"84":[0,0],"85":[0,0],"86":[0,0],"87":[0,0],"88":[0,0],"89":[0,0],"90":[0,2],"91":[1,1],"92":[1,0],"93":[1,0],"94":[0,1],"95":[0,1],"96":[0,1],"97":[0,0],"98":[0,0],"99":[0,0],"100":[0,0],"101":[0,0],"102":[0,0],"103":[0,0],"104":[0,0],"105":[0,0],"106":[0,0],"107":[0,0,0],"108":[0,0],"109":[0,0],"110":[0,0],"111":[0,0],"112":[0,0],"113":[0,0],"114":[7,0],"115":[7,0],"116":[7,7]},"_coverageSchema":"1a1c01bbd47fc00a2c39e90264f33305004495a9","hash":"579056c9ec07f3f18dd8bf17672885b31bd217b6"}
}
