TN:
SF:script.js
FN:7,triggerSensoryRitual
FN:32,(anonymous_1)
FN:99,setActiveIllustration
FN:101,(anonymous_3)
FN:116,generateBubbles
FN:137,(anonymous_5)
FN:142,animateCursor
FN:168,initCursorInteractions
FN:171,(anonymous_8)
FN:172,(anonymous_9)
FN:180,(anonymous_10)
FN:202,(anonymous_11)
FN:223,(anonymous_12)
FN:242,toggleManifestoLine
FN:266,(anonymous_14)
FN:276,(anonymous_15)
FN:283,openAdminPanel
FN:300,closeAdminPanel
FN:305,authenticateAdmin
FN:326,enableVisualEditorMode
FN:328,(anonymous_20)
FN:334,exportUpdatedHTMLFile
FN:337,(anonymous_22)
FN:368,(anonymous_23)
FN:386,checkReveal
FN:388,(anonymous_25)
FN:404,openServiceModal
FN:414,(anonymous_27)
FN:422,closeServiceModal
FN:429,(anonymous_29)
FN:435,submitBriefingForm
FN:441,resetBriefingForm
FN:449,toggleSpotifyPlayer
FN:456,(anonymous_33)
FN:460,(anonymous_34)
FN:467,fetchSubstackFeed
FN:485,(anonymous_36)
FN:489,(anonymous_37)
FN:515,(anonymous_38)
FN:535,(anonymous_39)
FN:559,(anonymous_40)
FN:565,loadPartnerLogos
FN:584,(anonymous_42)
FN:585,(anonymous_43)
FN:590,(anonymous_44)
FN:596,(anonymous_45)
FN:604,(anonymous_46)
FN:615,(anonymous_47)
FNF:48
FNH:14
FNDA:2,triggerSensoryRitual
FNDA:8,(anonymous_1)
FNDA:2,setActiveIllustration
FNDA:10,(anonymous_3)
FNDA:1,generateBubbles
FNDA:0,(anonymous_5)
FNDA:7,animateCursor
FNDA:7,initCursorInteractions
FNDA:0,(anonymous_8)
FNDA:0,(anonymous_9)
FNDA:0,(anonymous_10)
FNDA:0,(anonymous_11)
FNDA:0,(anonymous_12)
FNDA:2,toggleManifestoLine
FNDA:0,(anonymous_14)
FNDA:0,(anonymous_15)
FNDA:0,openAdminPanel
FNDA:0,closeAdminPanel
FNDA:2,authenticateAdmin
FNDA:2,enableVisualEditorMode
FNDA:1,(anonymous_20)
FNDA:0,exportUpdatedHTMLFile
FNDA:0,(anonymous_22)
FNDA:0,(anonymous_23)
FNDA:0,checkReveal
FNDA:0,(anonymous_25)
FNDA:0,openServiceModal
FNDA:0,(anonymous_27)
FNDA:0,closeServiceModal
FNDA:0,(anonymous_29)
FNDA:0,submitBriefingForm
FNDA:0,resetBriefingForm
FNDA:2,toggleSpotifyPlayer
FNDA:0,(anonymous_33)
FNDA:0,(anonymous_34)
FNDA:1,fetchSubstackFeed
FNDA:0,(anonymous_36)
FNDA:0,(anonymous_37)
FNDA:0,(anonymous_38)
FNDA:0,(anonymous_39)
FNDA:1,(anonymous_40)
FNDA:0,loadPartnerLogos
FNDA:0,(anonymous_42)
FNDA:0,(anonymous_43)
FNDA:0,(anonymous_44)
FNDA:0,(anonymous_45)
FNDA:0,(anonymous_46)
FNDA:0,(anonymous_47)
DA:1,7
DA:2,7
DA:3,7
DA:4,7
DA:8,2
DA:9,2
DA:10,2
DA:11,2
DA:14,2
DA:15,2
DA:18,2
DA:19,2
DA:20,2
DA:23,2
DA:24,2
DA:25,2
DA:26,2
DA:27,2
DA:31,2
DA:32,2
DA:33,8
DA:34,8
DA:35,8
DA:40,2
DA:41,2
DA:42,2
DA:46,2
DA:49,2
DA:50,1
DA:51,1
DA:53,1
DA:54,1
DA:56,1
DA:57,1
DA:59,1
DA:60,1
DA:61,1
DA:62,1
DA:64,1
DA:66,1
DA:67,1
DA:69,1
DA:70,1
DA:72,0
DA:73,0
DA:75,0
DA:76,0
DA:78,0
DA:79,0
DA:81,0
DA:82,0
DA:83,0
DA:85,0
DA:86,0
DA:88,0
DA:89,0
DA:93,2
DA:94,0
DA:100,2
DA:101,2
DA:102,10
DA:103,10
DA:104,10
DA:105,2
DA:106,2
DA:108,8
DA:109,8
DA:117,1
DA:118,1
DA:119,1
DA:120,15
DA:121,15
DA:122,15
DA:123,15
DA:124,15
DA:125,15
DA:126,15
DA:127,15
DA:128,15
DA:133,7
DA:134,7
DA:135,7
DA:137,7
DA:138,0
DA:139,0
DA:143,7
DA:144,7
DA:146,7
DA:147,7
DA:149,7
DA:150,7
DA:151,7
DA:152,7
DA:154,7
DA:155,7
DA:160,7
DA:161,7
DA:162,7
DA:163,7
DA:169,7
DA:170,7
DA:171,7
DA:172,0
DA:173,0
DA:174,0
DA:175,0
DA:176,0
DA:177,0
DA:180,0
DA:181,0
DA:182,0
DA:183,0
DA:184,0
DA:185,0
DA:191,7
DA:192,7
DA:196,7
DA:197,7
DA:198,0
DA:199,0
DA:200,0
DA:202,0
DA:203,0
DA:204,0
DA:205,0
DA:207,0
DA:208,0
DA:210,0
DA:211,0
DA:213,0
DA:214,0
DA:217,0
DA:218,0
DA:219,0
DA:223,0
DA:224,0
DA:225,0
DA:227,0
DA:228,0
DA:230,0
DA:231,0
DA:234,0
DA:235,0
DA:236,0
DA:243,2
DA:244,2
DA:246,2
DA:248,2
DA:249,1
DA:250,1
DA:251,1
DA:252,1
DA:255,1
DA:256,1
DA:257,1
DA:258,1
DA:264,7
DA:265,7
DA:266,7
DA:267,0
DA:268,0
DA:269,0
DA:270,0
DA:276,7
DA:277,0
DA:278,0
DA:279,0
DA:284,0
DA:285,0
DA:286,0
DA:288,0
DA:289,0
DA:291,0
DA:292,0
DA:293,0
DA:295,0
DA:296,0
DA:301,0
DA:302,0
DA:306,2
DA:307,2
DA:309,2
DA:311,2
DA:312,1
DA:313,1
DA:315,1
DA:316,1
DA:318,1
DA:319,1
DA:320,1
DA:322,1
DA:327,2
DA:328,2
DA:329,1
DA:330,1
DA:336,0
DA:337,0
DA:338,0
DA:339,0
DA:343,0
DA:344,0
DA:345,0
DA:346,0
DA:347,0
DA:348,0
DA:349,0
DA:353,0
DA:354,0
DA:355,0
DA:356,0
DA:357,0
DA:358,0
DA:359,0
DA:364,0
DA:367,0
DA:368,0
DA:369,0
DA:370,0
DA:375,0
DA:376,0
DA:377,0
DA:378,0
DA:379,0
DA:380,0
DA:381,0
DA:385,7
DA:387,0
DA:388,0
DA:389,0
DA:390,0
DA:391,0
DA:393,0
DA:398,7
DA:399,7
DA:400,7
DA:405,0
DA:406,0
DA:407,0
DA:409,0
DA:410,0
DA:411,0
DA:413,0
DA:414,0
DA:415,0
DA:416,0
DA:417,0
DA:423,0
DA:424,0
DA:425,0
DA:426,0
DA:427,0
DA:429,0
DA:430,0
DA:436,0
DA:437,0
DA:438,0
DA:442,0
DA:443,0
DA:444,0
DA:445,0
DA:450,2
DA:451,2
DA:452,2
DA:454,2
DA:455,1
DA:456,1
DA:457,1
DA:459,1
DA:460,1
DA:461,1
DA:463,2
DA:468,1
DA:469,1
DA:471,1
DA:472,1
DA:475,1
DA:476,1
DA:479,1
DA:481,1
DA:482,1
DA:484,1
DA:486,0
DA:487,0
DA:490,0
DA:492,0
DA:493,0
DA:496,0
DA:497,0
DA:499,0
DA:500,0
DA:503,0
DA:506,0
DA:507,0
DA:508,0
DA:510,0
DA:511,0
DA:512,0
DA:515,0
DA:516,0
DA:519,0
DA:520,0
DA:521,0
DA:522,0
DA:523,0
DA:528,0
DA:529,0
DA:530,0
DA:531,0
DA:532,0
DA:535,0
DA:536,0
DA:538,0
DA:541,0
DA:542,0
DA:543,0
DA:556,0
DA:560,1
DA:566,0
DA:567,0
DA:569,0
DA:575,0
DA:576,0
DA:577,0
DA:579,0
DA:580,0
DA:581,0
DA:583,0
DA:584,0
DA:585,0
DA:587,0
DA:589,0
DA:590,0
DA:591,0
DA:592,0
DA:593,0
DA:594,0
DA:596,0
DA:597,0
DA:598,0
DA:599,0
DA:602,0
DA:603,0
DA:604,0
DA:605,0
DA:606,0
DA:607,0
DA:608,0
DA:614,7
DA:615,7
DA:616,0
DA:617,0
DA:618,0
DA:623,7
DA:624,7
LF:354
LH:152
BRDA:23,0,0,2
BRDA:23,0,1,0
BRDA:24,1,0,2
BRDA:24,1,1,0
BRDA:25,2,0,2
BRDA:25,2,1,0
BRDA:34,3,0,8
BRDA:34,3,1,0
BRDA:41,4,0,2
BRDA:41,4,1,0
BRDA:49,5,0,1
BRDA:49,5,1,1
BRDA:50,6,0,1
BRDA:50,6,1,0
BRDA:51,7,0,1
BRDA:51,7,1,0
BRDA:53,8,0,1
BRDA:53,8,1,0
BRDA:54,9,0,1
BRDA:54,9,1,0
BRDA:56,10,0,1
BRDA:56,10,1,0
BRDA:57,11,0,1
BRDA:57,11,1,0
BRDA:59,12,0,1
BRDA:59,12,1,0
BRDA:60,13,0,1
BRDA:60,13,1,0
BRDA:64,14,0,1
BRDA:64,14,1,0
BRDA:66,15,0,1
BRDA:66,15,1,0
BRDA:67,16,0,1
BRDA:67,16,1,0
BRDA:69,17,0,1
BRDA:69,17,1,0
BRDA:70,18,0,1
BRDA:70,18,1,0
BRDA:72,19,0,0
BRDA:72,19,1,0
BRDA:73,20,0,0
BRDA:73,20,1,0
BRDA:75,21,0,0
BRDA:75,21,1,0
BRDA:76,22,0,0
BRDA:76,22,1,0
BRDA:78,23,0,0
BRDA:78,23,1,0
BRDA:79,24,0,0
BRDA:79,24,1,0
BRDA:81,25,0,0
BRDA:81,25,1,0
BRDA:82,26,0,0
BRDA:82,26,1,0
BRDA:83,27,0,0
BRDA:83,27,1,0
BRDA:85,28,0,0
BRDA:85,28,1,0
BRDA:86,29,0,0
BRDA:86,29,1,0
BRDA:88,30,0,0
BRDA:88,30,1,0
BRDA:89,31,0,0
BRDA:89,31,1,0
BRDA:93,32,0,0
BRDA:93,32,1,2
BRDA:103,33,0,10
BRDA:103,33,1,0
BRDA:104,34,0,2
BRDA:104,34,1,8
BRDA:118,35,0,0
BRDA:118,35,1,1
BRDA:150,36,0,7
BRDA:150,36,1,0
BRDA:154,37,0,7
BRDA:154,37,1,0
BRDA:160,38,0,7
BRDA:160,38,1,0
BRDA:160,39,0,7
BRDA:160,39,1,7
BRDA:162,40,0,7
BRDA:162,40,1,0
BRDA:173,41,0,0
BRDA:173,41,1,0
BRDA:181,42,0,0
BRDA:181,42,1,0
BRDA:191,43,0,7
BRDA:191,43,1,0
BRDA:197,44,0,0
BRDA:197,44,1,7
BRDA:207,45,0,0
BRDA:207,45,1,0
BRDA:210,46,0,0
BRDA:210,46,1,0
BRDA:213,47,0,0
BRDA:213,47,1,0
BRDA:218,48,0,0
BRDA:218,48,1,0
BRDA:224,49,0,0
BRDA:224,49,1,0
BRDA:227,50,0,0
BRDA:227,50,1,0
BRDA:230,51,0,0
BRDA:230,51,1,0
BRDA:235,52,0,0
BRDA:235,52,1,0
BRDA:246,53,0,0
BRDA:246,53,1,2
BRDA:248,54,0,1
BRDA:248,54,1,1
BRDA:250,55,0,1
BRDA:250,55,1,0
BRDA:256,56,0,1
BRDA:256,56,1,0
BRDA:265,57,0,7
BRDA:265,57,1,0
BRDA:268,58,0,0
BRDA:268,58,1,0
BRDA:277,59,0,0
BRDA:277,59,1,0
BRDA:277,60,0,0
BRDA:277,60,1,0
BRDA:277,60,2,0
BRDA:285,61,0,0
BRDA:285,61,1,0
BRDA:291,62,0,0
BRDA:291,62,1,0
BRDA:292,63,0,0
BRDA:292,63,1,0
BRDA:293,64,0,0
BRDA:293,64,1,0
BRDA:295,65,0,0
BRDA:295,65,1,0
BRDA:296,66,0,0
BRDA:296,66,1,0
BRDA:302,67,0,0
BRDA:302,67,1,0
BRDA:309,68,0,0
BRDA:309,68,1,2
BRDA:311,69,0,1
BRDA:311,69,1,1
BRDA:313,70,0,1
BRDA:313,70,1,0
BRDA:318,71,0,1
BRDA:318,71,1,0
BRDA:319,72,0,1
BRDA:319,72,1,0
BRDA:322,73,0,1
BRDA:322,73,1,0
BRDA:344,74,0,0
BRDA:344,74,1,0
BRDA:348,75,0,0
BRDA:348,75,1,0
BRDA:354,76,0,0
BRDA:354,76,1,0
BRDA:358,77,0,0
BRDA:358,77,1,0
BRDA:367,78,0,0
BRDA:367,78,1,0
BRDA:390,79,0,0
BRDA:390,79,1,0
BRDA:398,80,0,7
BRDA:398,80,1,0
BRDA:409,81,0,0
BRDA:409,81,1,0
BRDA:410,82,0,0
BRDA:410,82,1,0
BRDA:411,83,0,0
BRDA:411,83,1,0
BRDA:415,84,0,0
BRDA:415,84,1,0
BRDA:424,85,0,0
BRDA:424,85,1,0
BRDA:425,86,0,0
BRDA:425,86,1,0
BRDA:438,87,0,0
BRDA:438,87,1,0
BRDA:444,88,0,0
BRDA:444,88,1,0
BRDA:445,89,0,0
BRDA:445,89,1,0
BRDA:452,90,0,0
BRDA:452,90,1,2
BRDA:454,91,0,1
BRDA:454,91,1,1
BRDA:457,92,0,1
BRDA:457,92,1,0
BRDA:461,93,0,1
BRDA:461,93,1,0
BRDA:469,94,0,0
BRDA:469,94,1,1
BRDA:472,95,0,0
BRDA:472,95,1,1
BRDA:482,96,0,0
BRDA:482,96,1,1
BRDA:486,97,0,0
BRDA:486,97,1,0
BRDA:490,98,0,0
BRDA:490,98,1,0
BRDA:497,99,0,0
BRDA:497,99,1,0
BRDA:500,100,0,0
BRDA:500,100,1,0
BRDA:510,101,0,0
BRDA:510,101,1,0
BRDA:511,102,0,0
BRDA:511,102,1,0
BRDA:516,103,0,0
BRDA:516,103,1,0
BRDA:520,104,0,0
BRDA:520,104,1,0
BRDA:522,105,0,0
BRDA:522,105,1,0
BRDA:528,106,0,0
BRDA:528,106,1,0
BRDA:531,107,0,0
BRDA:531,107,1,0
BRDA:531,107,2,0
BRDA:532,108,0,0
BRDA:532,108,1,0
BRDA:545,109,0,0
BRDA:545,109,1,0
BRDA:567,110,0,0
BRDA:567,110,1,0
BRDA:577,111,0,0
BRDA:577,111,1,0
BRDA:585,112,0,0
BRDA:585,112,1,0
BRDA:587,113,0,0
BRDA:587,113,1,0
BRDA:614,114,0,7
BRDA:614,114,1,0
BRDA:623,115,0,7
BRDA:623,115,1,0
BRDA:623,116,0,7
BRDA:623,116,1,7
BRF:236
BRH:59
end_of_record
